<?xml version="1.0" encoding="UTF-8"?>
<testsuite name="com.magasin.MagasinTest" tests="14" skipped="0" failures="0" errors="0" timestamp="2024-08-29T07:30:37" hostname="WJS-04" time="0.035">
  <properties/>
  <testcase name="Kryptonite" classname="com.magasin.MagasinTest" time="0.019"/>
  <testcase name="Kryptonite" classname="com.magasin.MagasinTest" time="0.001"/>
  <testcase name="Pass VIP" classname="com.magasin.MagasinTest" time="0.001"/>
  <testcase name="Foo" classname="com.magasin.MagasinTest" time="0.001"/>
  <testcase name="Comté" classname="com.magasin.MagasinTest" time="0.0"/>
  <testcase name="Kryptonite" classname="com.magasin.MagasinTest" time="0.0"/>
  <testcase name="Pass VIP" classname="com.magasin.MagasinTest" time="0.0"/>
  <testcase name="Foo" classname="com.magasin.MagasinTest" time="0.001"/>
  <testcase name="Kryptonite" classname="com.magasin.MagasinTest" time="0.001"/>
  <testcase name="Comté" classname="com.magasin.MagasinTest" time="0.001"/>
  <testcase name="Comté" classname="com.magasin.MagasinTest" time="0.0"/>
  <testcase name="Pass VIP" classname="com.magasin.MagasinTest" time="0.001"/>
  <testcase name="Foo" classname="com.magasin.MagasinTest" time="0.001"/>
  <testcase name="Foo" classname="com.magasin.MagasinTest" time="0.0"/>
  <system-out><![CDATA[]]></system-out>
  <system-err><![CDATA[]]></system-err>
</testsuite>
